<?xml version="1.0" encoding="UTF-8"?>
<!-- Generated by org.testng.reporters.JUnitXMLReporter -->
<testsuite hostname="CUP-MNL-L283" name="Test" tests="3" failures="0" timestamp="26 Oct 2020 08:47:54 GMT" time="49.804" errors="0">
  <testcase name="footerTest" time="11.698" classname="FrameWorkSample.EndToEndTest.FooterLinks"/>
  <testcase name="homePage" time="29.111" classname="FrameWorkSample.EndToEndTest.HomePage"/>
  <testcase name="restoPage" time="8.973" classname="FrameWorkSample.EndToEndTest.HomePage"/>
</testsuite> <!-- Test -->
