<?xml version="1.0" encoding="UTF-8"?>
<!-- Generated by org.testng.reporters.JUnitXMLReporter -->
<testsuite hostname="CUP-MNL-L283" name="Test" tests="3" failures="0" timestamp="26 Oct 2020 12:46:12 GMT" time="43.505" errors="0">
  <testcase name="footerTest" time="8.335" classname="FrameWorkSample.EndToEndTest.FooterLinks"/>
  <testcase name="homePage" time="7.232" classname="FrameWorkSample.EndToEndTest.HomePage"/>
  <testcase name="restoPage" time="6.69" classname="FrameWorkSample.EndToEndTest.HomePage"/>
</testsuite> <!-- Test -->
