<?xml version="1.0" encoding="UTF-8"?>
<!-- Generated by org.testng.reporters.JUnitXMLReporter -->
<testsuite hostname="CUP-MNL-L283" name="Validating Footer Links" tests="1" failures="1" timestamp="27 Oct 2020 15:10:22 GMT" time="24.176" errors="0">
  <testcase name="footerTest" time="0.231" classname="FrameWorkSample.EndToEndTest.FooterLinks">
    <failure type="junit.framework.AssertionFailedError" message="expected:&amp;lt;13&amp;gt; but was:&amp;lt;14&amp;gt;">
      <![CDATA[junit.framework.AssertionFailedError: expected:<13> but was:<14>
	at junit.framework.Assert.fail(Assert.java:47)
	at junit.framework.Assert.failNotEquals(Assert.java:282)
	at junit.framework.Assert.assertEquals(Assert.java:64)
	at junit.framework.Assert.assertEquals(Assert.java:201)
	at junit.framework.Assert.assertEquals(Assert.java:207)
	at FrameWorkSample.EndToEndTest.FooterLinks.footerTest(FooterLinks.java:35)
	at java.util.concurrent.FutureTask.run(FutureTask.java:266)
	at java.util.concurrent.ThreadPoolExecutor.runWorker(ThreadPoolExecutor.java:1149)
	at java.util.concurrent.ThreadPoolExecutor$Worker.run(ThreadPoolExecutor.java:624)
	at java.lang.Thread.run(Thread.java:748)
... Removed 16 stack frames]]>
    </failure>
  </testcase> <!-- footerTest -->
</testsuite> <!-- Validating Footer Links -->
