<?xml version="1.0" encoding="UTF-8"?>
<!-- Generated by org.testng.reporters.JUnitXMLReporter -->
<testsuite hostname="CUP-MNL-L283" name="Validating Home Page Ordering" tests="2" failures="1" timestamp="27 Oct 2020 15:10:38 GMT" time="40.569" errors="0">
  <testcase name="homePage" time="9.245" classname="FrameWorkSample.EndToEndTest.HomePage"/>
  <testcase name="restoPage" time="7.987" classname="FrameWorkSample.EndToEndTest.HomePage">
    <failure type="java.lang.AssertionError" message="expected [Jollibee - Philfirst] but found [Jollibee - TEST MENU 2]">
      <![CDATA[java.lang.AssertionError: expected [Jollibee - Philfirst] but found [Jollibee - TEST MENU 2]
	at FrameWorkSample.EndToEndTest.HomePage.restoPage(HomePage.java:91)
	at java.util.concurrent.FutureTask.run(FutureTask.java:266)
	at java.util.concurrent.ThreadPoolExecutor.runWorker(ThreadPoolExecutor.java:1149)
	at java.util.concurrent.ThreadPoolExecutor$Worker.run(ThreadPoolExecutor.java:624)
	at java.lang.Thread.run(Thread.java:748)
... Removed 22 stack frames]]>
    </failure>
  </testcase> <!-- restoPage -->
</testsuite> <!-- Validating Home Page Ordering -->
