<?xml version="1.0" encoding="UTF-8"?>
<testsuite xmlns:xsi="http://www.w3.org/2001/XMLSchema-instance" xsi:noNamespaceSchemaLocation="https://maven.apache.org/surefire/maven-surefire-plugin/xsd/surefire-test-report-3.0.xsd" version="3.0" name="TestSuite" time="42.404" tests="4" errors="0" skipped="0" failures="2">
  <properties>
[...]
</properties>
  <testcase name="footerTest" classname="FrameWorkSample.EndToEndTest.FooterLinks" time="0.216">
    <failure message="expected:&lt;13&gt; but was:&lt;14&gt;" type="junit.framework.AssertionFailedError"><![CDATA[junit.framework.AssertionFailedError: expected:<13> but was:<14>
	at FrameWorkSample.EndToEndTest.FooterLinks.footerTest(FooterLinks.java:35)
]]></failure>
    <system-err><![CDATA[Starting ChromeDriver 85.0.418St3a.8rt7 in(cgd C67hr1o3emebDfr9i2fvae1rc a8c5c.0f01.a549188df328.080973a f(0cc5dd67-7re1f3s/ebbrfan9c2h-fhaea1dsc/a4c1c830@f{1#a165899}8)d fon2 8p0or0t9 334a49f60
cOn5ldy7 -lorceafls /cbornanch-nheecatdiso/ns4 18a3re@ {a#l1l6o8w9ed.})
P leoasne p osrete  h2360t9t
Opnsl:/y /lchorcomaedl ricveor.cnhnreocmtiiuomn.sor gar/e saellcowuerdi.ty-
cPolnesaisdeer seaet ihotnts pfso:r/ /scuhgrgeosmetdiroinvse ron. ckeherpoimnigu mC.horromge/Dsreicvuerri tys-acofnes.i
derations for suggestions on keeping ChromeDriver safe.
ChromeDriver was started successfully.
ChromeDriver was started successfully.
Starting ChromeDriver 85.0.4183.87 (cd6713ebf92fa1cacc0f1a598df280093af0c5d7-refs/branch-heads/4183@{#1689}) on port 29557
Only local connections are allowed.
Please see https://chromedriver.chromium.org/security-considerations for suggestions on keeping ChromeDriver safe.
ChromeDriver was started successfully.
[1603811403.100][WARNING]: This version of ChromeDriver has not been tested with Chrome version 86.
[1603811403.236][WARNING]: This version of ChromeDriver has not been tested with Chrome version 86.
[1603811403.275][WARNING]: This version of ChromeDriver has not been tested with Chrome version 86.
Oct 27, 2020 11:10:04 PM org.openqa.selenium.remote.ProtocolHandshake createSession
INFO: Detected dialect: W3C
Oct 27, 2020 11:10:04 PM org.openqa.selenium.remote.ProtocolHandshake createSession
INFO: Detected dialect: W3C
Oct 27, 2020 11:10:04 PM org.openqa.selenium.remote.ProtocolHandshake createSession
INFO: Detected dialect: W3C
]]></system-err>
  </testcase>
  <testcase name="loginTest" classname="FrameWorkSample.EndToEndTest.LogIn" time="3.866"/>
  <testcase name="homePage" classname="FrameWorkSample.EndToEndTest.HomePage" time="9.218"/>
  <testcase name="restoPage" classname="FrameWorkSample.EndToEndTest.HomePage" time="7.988">
    <failure message="expected [Jollibee - Philfirst] but found [Jollibee - TEST MENU 2]" type="java.lang.AssertionError"><![CDATA[java.lang.AssertionError: expected [Jollibee - Philfirst] but found [Jollibee - TEST MENU 2]
	at FrameWorkSample.EndToEndTest.HomePage.restoPage(HomePage.java:91)
]]></failure>
  </testcase>
</testsuite>